Using pre-set license
Built from '2022.3/staging' branch; Version is '2022.3.36f1 (95a4219250e5) revision 9806881'; Using compiler version '192829333'; Build Type 'Release'
OS: 'Windows 11  (10.0.22631) 64bit Professional' Language: 'en' Physical Memory: 31935 MB
BatchMode: 1, IsHumanControllingUs: 0, StartBugReporterOnCrash: 0, Is64bit: 1, IsPro: 1

COMMAND LINE ARGUMENTS:
C:\Program Files\Unity\Hub\Editor\2022.3.36f1\Editor\Unity.exe
-adb2
-batchMode
-noUpm
-name
AssetImportWorker5
-projectPath
C:/Unity solo/Adrenaline rush
-logFile
Logs/AssetImportWorker5.log
-srvPort
64909
Successfully changed project path to: C:/Unity solo/Adrenaline rush
C:/Unity solo/Adrenaline rush
[UnityMemory] Configuration Parameters - Can be set up in boot.config
    "memorysetup-bucket-allocator-granularity=16"
    "memorysetup-bucket-allocator-bucket-count=8"
    "memorysetup-bucket-allocator-block-size=33554432"
    "memorysetup-bucket-allocator-block-count=8"
    "memorysetup-main-allocator-block-size=16777216"
    "memorysetup-thread-allocator-block-size=16777216"
    "memorysetup-gfx-main-allocator-block-size=16777216"
    "memorysetup-gfx-thread-allocator-block-size=16777216"
    "memorysetup-cache-allocator-block-size=4194304"
    "memorysetup-typetree-allocator-block-size=2097152"
    "memorysetup-profiler-bucket-allocator-granularity=16"
    "memorysetup-profiler-bucket-allocator-bucket-count=8"
    "memorysetup-profiler-bucket-allocator-block-size=33554432"
    "memorysetup-profiler-bucket-allocator-block-count=8"
    "memorysetup-profiler-allocator-block-size=16777216"
    "memorysetup-profiler-editor-allocator-block-size=1048576"
    "memorysetup-temp-allocator-size-main=16777216"
    "memorysetup-job-temp-allocator-block-size=2097152"
    "memorysetup-job-temp-allocator-block-size-background=1048576"
    "memorysetup-job-temp-allocator-reduction-small-platforms=262144"
    "memorysetup-allocator-temp-initial-block-size-main=262144"
    "memorysetup-allocator-temp-initial-block-size-worker=262144"
    "memorysetup-temp-allocator-size-background-worker=32768"
    "memorysetup-temp-allocator-size-job-worker=262144"
    "memorysetup-temp-allocator-size-preload-manager=33554432"
    "memorysetup-temp-allocator-size-nav-mesh-worker=65536"
    "memorysetup-temp-allocator-size-audio-worker=65536"
    "memorysetup-temp-allocator-size-cloud-worker=32768"
    "memorysetup-temp-allocator-size-gi-baking-worker=262144"
    "memorysetup-temp-allocator-size-gfx=262144"
Player connection [201136] Host "[IP] 192.168.0.150 [Port] 0 [Flags] 2 [Guid] 1381834375 [EditorId] 1381834375 [Version] 1048832 [Id] WindowsEditor(7,momo) [Debug] 1 [PackageName] WindowsEditor [ProjectName] Editor" joined multi-casting on [225.0.0.222:54997]...

Player connection [201136] Host "[IP] 192.168.0.150 [Port] 0 [Flags] 2 [Guid] 1381834375 [EditorId] 1381834375 [Version] 1048832 [Id] WindowsEditor(7,momo) [Debug] 1 [PackageName] WindowsEditor [ProjectName] Editor" joined alternative multi-casting on [225.0.0.222:34997]...

[PhysX] Initialized MultithreadedTaskDispatcher with 16 workers.
Refreshing native plugins compatible for Editor in 13.62 ms, found 3 plugins.
Preloading 0 native plugins for Editor in 0.00 ms.
Initialize engine version: 2022.3.36f1 (95a4219250e5)
[Subsystems] Discovering subsystems at path C:/Program Files/Unity/Hub/Editor/2022.3.36f1/Editor/Data/Resources/UnitySubsystems
[Subsystems] Discovering subsystems at path C:/Unity solo/Adrenaline rush/Assets
GfxDevice: creating device client; threaded=0; jobified=0
Direct3D:
    Version:  Direct3D 11.0 [level 11.1]
    Renderer: NVIDIA GeForce GTX 1660 SUPER (ID=0x21c4)
    Vendor:   NVIDIA
    VRAM:     5966 MB
    Driver:   32.0.15.6094
Initialize mono
Mono path[0] = 'C:/Program Files/Unity/Hub/Editor/2022.3.36f1/Editor/Data/Managed'
Mono path[1] = 'C:/Program Files/Unity/Hub/Editor/2022.3.36f1/Editor/Data/MonoBleedingEdge/lib/mono/unityjit-win32'
Mono config path = 'C:/Program Files/Unity/Hub/Editor/2022.3.36f1/Editor/Data/MonoBleedingEdge/etc'
Using monoOptions --debugger-agent=transport=dt_socket,embedding=1,server=y,suspend=n,address=127.0.0.1:56044
Begin MonoManager ReloadAssembly
Registering precompiled unity dll's ...
Register platform support module: C:/Program Files/Unity/Hub/Editor/2022.3.36f1/Editor/Data/PlaybackEngines/WebGLSupport/UnityEditor.WebGL.Extensions.dll
Register platform support module: C:/Program Files/Unity/Hub/Editor/2022.3.36f1/Editor/Data/PlaybackEngines/AndroidPlayer/UnityEditor.Android.Extensions.dll
Register platform support module: C:/Program Files/Unity/Hub/Editor/2022.3.36f1/Editor/Data/PlaybackEngines/WindowsStandaloneSupport/UnityEditor.WindowsStandalone.Extensions.dll
Registered in 0.017312 seconds.
- Loaded All Assemblies, in  0.273 seconds
Native extension for WindowsStandalone target not found
Native extension for Android target not found
Android Extension - Scanning For ADB Devices 201 ms
Native extension for WebGL target not found
Mono: successfully reloaded assembly
- Finished resetting the current domain, in  0.391 seconds
Domain Reload Profiling: 661ms
	BeginReloadAssembly (88ms)
		ExecutionOrderSort (0ms)
		DisableScriptedObjects (0ms)
		BackupInstance (0ms)
		ReleaseScriptingObjects (0ms)
		CreateAndSetChildDomain (0ms)
	RebuildCommonClasses (20ms)
	RebuildNativeTypeToScriptingClass (8ms)
	initialDomainReloadingComplete (59ms)
	LoadAllAssembliesAndSetupDomain (93ms)
		LoadAssemblies (86ms)
		RebuildTransferFunctionScriptingTraits (0ms)
		AnalyzeDomain (89ms)
			TypeCache.Refresh (89ms)
				TypeCache.ScanAssembly (79ms)
			ScanForSourceGeneratedMonoScriptInfo (0ms)
			ResolveRequiredComponents (0ms)
	FinalizeReload (392ms)
		ReleaseScriptCaches (0ms)
		RebuildScriptCaches (0ms)
		SetupLoadedEditorAssemblies (357ms)
			LogAssemblyErrors (0ms)
			InitializePlatformSupportModulesInManaged (270ms)
			SetLoadedEditorAssemblies (2ms)
			RefreshPlugins (0ms)
			BeforeProcessingInitializeOnLoad (1ms)
			ProcessInitializeOnLoadAttributes (61ms)
			ProcessInitializeOnLoadMethodAttributes (23ms)
			AfterProcessingInitializeOnLoad (0ms)
			EditorAssembliesLoaded (0ms)
		ExecutionOrderSort2 (0ms)
		AwakeInstancesAfterBackupRestoration (0ms)
========================================================================
Worker process is ready to serve import requests
Begin MonoManager ReloadAssembly
- Loaded All Assemblies, in  0.589 seconds
Refreshing native plugins compatible for Editor in 7.04 ms, found 3 plugins.
Native extension for WindowsStandalone target not found
Native extension for Android target not found
Native extension for WebGL target not found
Package Manager log level set to [2]
[Package Manager] Server::EnsureServerProcessIsRunning -- launch failed, reason: Unity was launched with the -noUpm command-line argument
[Package Manager] UpmClient::Send -- Unable to send message (not connected to UPM process).
[Package Manager] Cannot connect to Unity Package Manager local server
Mono: successfully reloaded assembly
- Finished resetting the current domain, in  0.591 seconds
Domain Reload Profiling: 1173ms
	BeginReloadAssembly (104ms)
		ExecutionOrderSort (0ms)
		DisableScriptedObjects (3ms)
		BackupInstance (0ms)
		ReleaseScriptingObjects (0ms)
		CreateAndSetChildDomain (14ms)
	RebuildCommonClasses (20ms)
	RebuildNativeTypeToScriptingClass (6ms)
	initialDomainReloadingComplete (33ms)
	LoadAllAssembliesAndSetupDomain (419ms)
		LoadAssemblies (312ms)
		RebuildTransferFunctionScriptingTraits (0ms)
		AnalyzeDomain (174ms)
			TypeCache.Refresh (146ms)
				TypeCache.ScanAssembly (134ms)
			ScanForSourceGeneratedMonoScriptInfo (20ms)
			ResolveRequiredComponents (7ms)
	FinalizeReload (591ms)
		ReleaseScriptCaches (0ms)
		RebuildScriptCaches (0ms)
		SetupLoadedEditorAssemblies (484ms)
			LogAssemblyErrors (0ms)
			InitializePlatformSupportModulesInManaged (21ms)
			SetLoadedEditorAssemblies (3ms)
			RefreshPlugins (0ms)
			BeforeProcessingInitializeOnLoad (73ms)
			ProcessInitializeOnLoadAttributes (351ms)
			ProcessInitializeOnLoadMethodAttributes (23ms)
			AfterProcessingInitializeOnLoad (14ms)
			EditorAssembliesLoaded (0ms)
		ExecutionOrderSort2 (0ms)
		AwakeInstancesAfterBackupRestoration (3ms)
Launched and connected shader compiler UnityShaderCompiler.exe after 0.04 seconds
Refreshing native plugins compatible for Editor in 6.10 ms, found 3 plugins.
Preloading 0 native plugins for Editor in 0.00 ms.
Unloading 7028 Unused Serialized files (Serialized files now loaded: 0)
Unloading 223 unused Assets / (13.3 MB). Loaded Objects now: 7383.
Memory consumption went from 314.0 MB to 300.7 MB.
Total: 5.395400 ms (FindLiveObjects: 0.439000 ms CreateObjectMapping: 0.201400 ms MarkObjects: 2.784800 ms  DeleteObjects: 1.969800 ms)

AssetImportParameters requested are different than current active one (requested -> active):
  custom:container-demuxer-ogg: 62fdf1f143b41e24485cea50d1cbac27 -> 
  custom:framework-win-MediaFoundation: 216162199b28c13a410421893ffa2e32 -> 
  custom:container-muxer-webm: aa71ff27fc2769a1b78a27578f13a17b -> 
  custom:video-decoder-webm-vp8: 9c59270c3fd7afecdb556c50c9e8de78 -> 
  custom:SearchIndexIgnoredProperties: e643bd26f0fe6173181afceb89e7c659 -> 
  custom:AudioImporter_EditorPlatform: d09bf68614088b80899f8185d706f6e7 -> 
  custom:audio-decoder-ogg-vorbis: bf7c407c2cedff20999df2af8eb42d56 -> 
  custom:audio-encoder-webm-vorbis: bf7c407c2cedff20999df2af8eb42d56 -> 
  custom:video-codec-MediaFoundation-h265: 746d11721c4dcdbdad8f713fa42b33f4 -> 
  custom:video-decoder-ogg-theora: a1e56fd34408186e4bbccfd4996cb3dc -> 
  custom:CustomObjectIndexerAttribute: 72b91833f83ae208fae7752999fa3104 -> 
  custom:container-demuxer-webm: 4f35f7cbe854078d1ac9338744f61a02 -> 
  custom:video-encoder-webm-vp8: eb34c28f22e8b96e1ab97ce403110664 -> 
========================================================================
Received Import Request.
  Time since last request: 716147.769547 seconds.
  path: Assets/imported/Stylized Tools/Prefabs/pickaxe.prefab
  artifactKey: Guid(eb3fa0c9027882b4084517c1a3342a1f) Importer(815301076,1909f56bfc062723c751e8b465ee728b)
Start importing Assets/imported/Stylized Tools/Prefabs/pickaxe.prefab using Guid(eb3fa0c9027882b4084517c1a3342a1f) Importer(815301076,1909f56bfc062723c751e8b465ee728b) [PhysX] Initialized MultithreadedTaskDispatcher with 16 workers.
[PhysX] Initialized MultithreadedTaskDispatcher with 16 workers.
 -> (artifact id: 'bc77ad468887586c73abc14d50d30ed6') in 0.107148 seconds
Number of updated asset objects reloaded before import = 0
Number of asset objects unloaded after import = 9
========================================================================
Received Import Request.
  Time since last request: 23.304931 seconds.
  path: Assets/imported/Stylized Tools/Materials/mat_pickaxe.mat
  artifactKey: Guid(9f4ee585e1073cc4c8f07547f936c27e) Importer(815301076,1909f56bfc062723c751e8b465ee728b)
Start importing Assets/imported/Stylized Tools/Materials/mat_pickaxe.mat using Guid(9f4ee585e1073cc4c8f07547f936c27e) Importer(815301076,1909f56bfc062723c751e8b465ee728b) [PhysX] Initialized MultithreadedTaskDispatcher with 16 workers.
[PhysX] Initialized MultithreadedTaskDispatcher with 16 workers.
 -> (artifact id: '7ed8a8e5367ede416d1bb9bf0582ccfc') in 0.035567 seconds
Number of updated asset objects reloaded before import = 0
Number of asset objects unloaded after import = 2
========================================================================
Received Import Request.
  Time since last request: 200.799153 seconds.
  path: Assets/imported/ferro-entertainment/gold-mining-ui-2d/Mockups/2.png
  artifactKey: Guid(2d18a7f0c33196c4aac3af8957ec06ae) Importer(815301076,1909f56bfc062723c751e8b465ee728b)
Start importing Assets/imported/ferro-entertainment/gold-mining-ui-2d/Mockups/2.png using Guid(2d18a7f0c33196c4aac3af8957ec06ae) Importer(815301076,1909f56bfc062723c751e8b465ee728b) [PhysX] Initialized MultithreadedTaskDispatcher with 16 workers.
[PhysX] Initialized MultithreadedTaskDispatcher with 16 workers.
 -> (artifact id: '7d0daa64acdd9d8744c1ae40484b8982') in 0.040723 seconds
Number of updated asset objects reloaded before import = 0
Number of asset objects unloaded after import = 3
========================================================================
Received Import Request.
  Time since last request: 0.000013 seconds.
  path: Assets/imported/ferro-entertainment/gold-mining-ui-2d/Mockups/4.png
  artifactKey: Guid(6cb03553ece48894bb26427b857f589d) Importer(815301076,1909f56bfc062723c751e8b465ee728b)
Start importing Assets/imported/ferro-entertainment/gold-mining-ui-2d/Mockups/4.png using Guid(6cb03553ece48894bb26427b857f589d) Importer(815301076,1909f56bfc062723c751e8b465ee728b) [PhysX] Initialized MultithreadedTaskDispatcher with 16 workers.
[PhysX] Initialized MultithreadedTaskDispatcher with 16 workers.
 -> (artifact id: '9a165923ec19d3d09e3925a4cdeb3bd7') in 0.022851 seconds
Number of updated asset objects reloaded before import = 0
Number of asset objects unloaded after import = 3
========================================================================
Received Import Request.
  Time since last request: 9.983968 seconds.
  path: Assets/imported/ferro-entertainment/gold-mining-ui-2d/Source files/Sheet 3.psd
  artifactKey: Guid(1fc678448a9e30c4e958ac82a819d24f) Importer(815301076,1909f56bfc062723c751e8b465ee728b)
Start importing Assets/imported/ferro-entertainment/gold-mining-ui-2d/Source files/Sheet 3.psd using Guid(1fc678448a9e30c4e958ac82a819d24f) Importer(815301076,1909f56bfc062723c751e8b465ee728b) [PhysX] Initialized MultithreadedTaskDispatcher with 16 workers.
[PhysX] Initialized MultithreadedTaskDispatcher with 16 workers.
 -> (artifact id: '2eb670441a7887c091a5369cd20bc435') in 0.018277 seconds
Number of updated asset objects reloaded before import = 0
Number of asset objects unloaded after import = 3
========================================================================
Received Import Request.
  Time since last request: 0.000014 seconds.
  path: Assets/imported/ferro-entertainment/gold-mining-ui-2d/Source files/Sheet 4.psd
  artifactKey: Guid(a9adb742acec05c4aa7360862d920b57) Importer(815301076,1909f56bfc062723c751e8b465ee728b)
Start importing Assets/imported/ferro-entertainment/gold-mining-ui-2d/Source files/Sheet 4.psd using Guid(a9adb742acec05c4aa7360862d920b57) Importer(815301076,1909f56bfc062723c751e8b465ee728b) [PhysX] Initialized MultithreadedTaskDispatcher with 16 workers.
[PhysX] Initialized MultithreadedTaskDispatcher with 16 workers.
 -> (artifact id: 'fa7be26acb1275ca862d809e9ff51cc6') in 0.013489 seconds
Number of updated asset objects reloaded before import = 0
Number of asset objects unloaded after import = 3
========================================================================
Received Import Request.
  Time since last request: 5.316836 seconds.
  path: Assets/imported/ferro-entertainment/gold-mining-ui-2d/Sprite sheets/3 - Sack.png
  artifactKey: Guid(a33a1608bd14c004db7e872662dafc8b) Importer(815301076,1909f56bfc062723c751e8b465ee728b)
Start importing Assets/imported/ferro-entertainment/gold-mining-ui-2d/Sprite sheets/3 - Sack.png using Guid(a33a1608bd14c004db7e872662dafc8b) Importer(815301076,1909f56bfc062723c751e8b465ee728b) [PhysX] Initialized MultithreadedTaskDispatcher with 16 workers.
[PhysX] Initialized MultithreadedTaskDispatcher with 16 workers.
 -> (artifact id: 'dda0df371b48c0af543a157a11282f84') in 0.211779 seconds
Number of updated asset objects reloaded before import = 0
Number of asset objects unloaded after import = 6
========================================================================
Received Import Request.
  Time since last request: 0.000017 seconds.
  path: Assets/imported/ferro-entertainment/gold-mining-ui-2d/Sprite sheets/4 - Gems Trolley.png
  artifactKey: Guid(0299570027e29504fb2aad705a2a18f8) Importer(815301076,1909f56bfc062723c751e8b465ee728b)
Start importing Assets/imported/ferro-entertainment/gold-mining-ui-2d/Sprite sheets/4 - Gems Trolley.png using Guid(0299570027e29504fb2aad705a2a18f8) Importer(815301076,1909f56bfc062723c751e8b465ee728b) [PhysX] Initialized MultithreadedTaskDispatcher with 16 workers.
[PhysX] Initialized MultithreadedTaskDispatcher with 16 workers.
 -> (artifact id: '0839f5dee9e38617203f9d1d37818dd5') in 0.043545 seconds
Number of updated asset objects reloaded before import = 0
Number of asset objects unloaded after import = 16
========================================================================
Received Import Request.
  Time since last request: 151.070823 seconds.
  path: Assets/imported/Stone Age Weapons Pack/Prefabs/Weapons/Weapon_2.prefab
  artifactKey: Guid(aa4041fa9762a8945828427ede36c581) Importer(815301076,1909f56bfc062723c751e8b465ee728b)
Start importing Assets/imported/Stone Age Weapons Pack/Prefabs/Weapons/Weapon_2.prefab using Guid(aa4041fa9762a8945828427ede36c581) Importer(815301076,1909f56bfc062723c751e8b465ee728b) [PhysX] Initialized MultithreadedTaskDispatcher with 16 workers.
[PhysX] Initialized MultithreadedTaskDispatcher with 16 workers.
 -> (artifact id: 'f7feaf1fbe3b94998f6eba714b073dc5') in 0.044396 seconds
Number of updated asset objects reloaded before import = 0
Number of asset objects unloaded after import = 11
========================================================================
Received Import Request.
  Time since last request: 0.000016 seconds.
  path: Assets/imported/Stone Age Weapons Pack/Prefabs/Weapons/Weapon_12.prefab
  artifactKey: Guid(356a47310a2e76e48bfdb276e5e088aa) Importer(815301076,1909f56bfc062723c751e8b465ee728b)
Start importing Assets/imported/Stone Age Weapons Pack/Prefabs/Weapons/Weapon_12.prefab using Guid(356a47310a2e76e48bfdb276e5e088aa) Importer(815301076,1909f56bfc062723c751e8b465ee728b) [PhysX] Initialized MultithreadedTaskDispatcher with 16 workers.
[PhysX] Initialized MultithreadedTaskDispatcher with 16 workers.
 -> (artifact id: '858ab021d27eb604cc9765934efdfb32') in 0.010962 seconds
Number of updated asset objects reloaded before import = 0
Number of asset objects unloaded after import = 11
========================================================================
Received Import Request.
  Time since last request: 0.000015 seconds.
  path: Assets/imported/Stone Age Weapons Pack/Prefabs/Weapons/Weapon_26.prefab
  artifactKey: Guid(c84851f464b8be64f982cc47b57f3e17) Importer(815301076,1909f56bfc062723c751e8b465ee728b)
Start importing Assets/imported/Stone Age Weapons Pack/Prefabs/Weapons/Weapon_26.prefab using Guid(c84851f464b8be64f982cc47b57f3e17) Importer(815301076,1909f56bfc062723c751e8b465ee728b) [PhysX] Initialized MultithreadedTaskDispatcher with 16 workers.
[PhysX] Initialized MultithreadedTaskDispatcher with 16 workers.
 -> (artifact id: 'ab2cc552916487dfcc6a1348deca4b8c') in 0.011623 seconds
Number of updated asset objects reloaded before import = 0
Number of asset objects unloaded after import = 11
========================================================================
Received Import Request.
  Time since last request: 0.000014 seconds.
  path: Assets/imported/Stone Age Weapons Pack/Prefabs/Weapons/Weapon_19.prefab
  artifactKey: Guid(2ae941b7413c6ab478b83b29addee16a) Importer(815301076,1909f56bfc062723c751e8b465ee728b)
Start importing Assets/imported/Stone Age Weapons Pack/Prefabs/Weapons/Weapon_19.prefab using Guid(2ae941b7413c6ab478b83b29addee16a) Importer(815301076,1909f56bfc062723c751e8b465ee728b) [PhysX] Initialized MultithreadedTaskDispatcher with 16 workers.
[PhysX] Initialized MultithreadedTaskDispatcher with 16 workers.
 -> (artifact id: '7b422567d30c12583df5000c5c4d2cc4') in 0.009962 seconds
Number of updated asset objects reloaded before import = 0
Number of asset objects unloaded after import = 11
========================================================================
Received Import Request.
  Time since last request: 0.000016 seconds.
  path: Assets/imported/Stone Age Weapons Pack/Prefabs/Weapons/Weapon_23.prefab
  artifactKey: Guid(78c400204d6982a4584bfead436639c2) Importer(815301076,1909f56bfc062723c751e8b465ee728b)
Start importing Assets/imported/Stone Age Weapons Pack/Prefabs/Weapons/Weapon_23.prefab using Guid(78c400204d6982a4584bfead436639c2) Importer(815301076,1909f56bfc062723c751e8b465ee728b) [PhysX] Initialized MultithreadedTaskDispatcher with 16 workers.
[PhysX] Initialized MultithreadedTaskDispatcher with 16 workers.
 -> (artifact id: '16f702c4d038316df2e667797cd9569f') in 0.010668 seconds
Number of updated asset objects reloaded before import = 0
Number of asset objects unloaded after import = 11
========================================================================
Received Import Request.
  Time since last request: 0.000022 seconds.
  path: Assets/imported/Stone Age Weapons Pack/Prefabs/Weapons/Weapon_11.prefab
  artifactKey: Guid(b0cfa5e3cd6c7b74394fbbb9f8e840c5) Importer(815301076,1909f56bfc062723c751e8b465ee728b)
Start importing Assets/imported/Stone Age Weapons Pack/Prefabs/Weapons/Weapon_11.prefab using Guid(b0cfa5e3cd6c7b74394fbbb9f8e840c5) Importer(815301076,1909f56bfc062723c751e8b465ee728b) [PhysX] Initialized MultithreadedTaskDispatcher with 16 workers.
[PhysX] Initialized MultithreadedTaskDispatcher with 16 workers.
 -> (artifact id: '550c7b1309661a34598eb1a1c006c9fb') in 0.010901 seconds
Number of updated asset objects reloaded before import = 0
Number of asset objects unloaded after import = 11
========================================================================
Received Import Request.
  Time since last request: 0.000014 seconds.
  path: Assets/imported/Stone Age Weapons Pack/Prefabs/Weapons/Weapon_21.prefab
  artifactKey: Guid(1f8ee30f69e97d444b94379a247666e2) Importer(815301076,1909f56bfc062723c751e8b465ee728b)
Start importing Assets/imported/Stone Age Weapons Pack/Prefabs/Weapons/Weapon_21.prefab using Guid(1f8ee30f69e97d444b94379a247666e2) Importer(815301076,1909f56bfc062723c751e8b465ee728b) [PhysX] Initialized MultithreadedTaskDispatcher with 16 workers.
[PhysX] Initialized MultithreadedTaskDispatcher with 16 workers.
 -> (artifact id: 'c6bfb3e0289b12ead512c7dabd21d212') in 0.011930 seconds
Number of updated asset objects reloaded before import = 0
Number of asset objects unloaded after import = 11
========================================================================
Received Import Request.
  Time since last request: 0.000018 seconds.
  path: Assets/imported/Stone Age Weapons Pack/Prefabs/Weapons/Weapon_14.prefab
  artifactKey: Guid(1e75eeab33a7c1f4982254ee87e734da) Importer(815301076,1909f56bfc062723c751e8b465ee728b)
Start importing Assets/imported/Stone Age Weapons Pack/Prefabs/Weapons/Weapon_14.prefab using Guid(1e75eeab33a7c1f4982254ee87e734da) Importer(815301076,1909f56bfc062723c751e8b465ee728b) [PhysX] Initialized MultithreadedTaskDispatcher with 16 workers.
[PhysX] Initialized MultithreadedTaskDispatcher with 16 workers.
 -> (artifact id: '75fb57963622e7bc03d4feb274ee0d04') in 0.012162 seconds
Number of updated asset objects reloaded before import = 0
Number of asset objects unloaded after import = 11
========================================================================
Received Import Request.
  Time since last request: 0.000017 seconds.
  path: Assets/imported/Stone Age Weapons Pack/Prefabs/Weapons/Weapon_16.prefab
  artifactKey: Guid(3c38bdc9e6617df459035cf9c97c71b6) Importer(815301076,1909f56bfc062723c751e8b465ee728b)
Start importing Assets/imported/Stone Age Weapons Pack/Prefabs/Weapons/Weapon_16.prefab using Guid(3c38bdc9e6617df459035cf9c97c71b6) Importer(815301076,1909f56bfc062723c751e8b465ee728b) [PhysX] Initialized MultithreadedTaskDispatcher with 16 workers.
[PhysX] Initialized MultithreadedTaskDispatcher with 16 workers.
 -> (artifact id: 'ba3417fc5bbd92da57c08ffefe419bb1') in 0.011525 seconds
Number of updated asset objects reloaded before import = 0
Number of asset objects unloaded after import = 11
========================================================================
Received Import Request.
  Time since last request: 0.000014 seconds.
  path: Assets/imported/Stone Age Weapons Pack/Prefabs/Weapons/Weapon_31.prefab
  artifactKey: Guid(76c3dcded8e48f643accb8f238de975c) Importer(815301076,1909f56bfc062723c751e8b465ee728b)
Start importing Assets/imported/Stone Age Weapons Pack/Prefabs/Weapons/Weapon_31.prefab using Guid(76c3dcded8e48f643accb8f238de975c) Importer(815301076,1909f56bfc062723c751e8b465ee728b) [PhysX] Initialized MultithreadedTaskDispatcher with 16 workers.
[PhysX] Initialized MultithreadedTaskDispatcher with 16 workers.
 -> (artifact id: '96d200d4fb803e886a541b0d06ca2c4f') in 0.012511 seconds
Number of updated asset objects reloaded before import = 0
Number of asset objects unloaded after import = 11
========================================================================
Received Import Request.
  Time since last request: 0.000014 seconds.
  path: Assets/imported/Stone Age Weapons Pack/Prefabs/Weapons/Weapon_15.prefab
  artifactKey: Guid(378d330efcfe58e4aa01adbe033b74dd) Importer(815301076,1909f56bfc062723c751e8b465ee728b)
Start importing Assets/imported/Stone Age Weapons Pack/Prefabs/Weapons/Weapon_15.prefab using Guid(378d330efcfe58e4aa01adbe033b74dd) Importer(815301076,1909f56bfc062723c751e8b465ee728b) [PhysX] Initialized MultithreadedTaskDispatcher with 16 workers.
[PhysX] Initialized MultithreadedTaskDispatcher with 16 workers.
 -> (artifact id: 'ef197ba32f6f50457ae07c7b7432113c') in 0.011376 seconds
Number of updated asset objects reloaded before import = 0
Number of asset objects unloaded after import = 11
========================================================================
Received Import Request.
  Time since last request: 0.000014 seconds.
  path: Assets/imported/Stone Age Weapons Pack/Prefabs/Weapons/Weapon_3.prefab
  artifactKey: Guid(9893defb7f7ee3b41aac3e5d93efb6c2) Importer(815301076,1909f56bfc062723c751e8b465ee728b)
Start importing Assets/imported/Stone Age Weapons Pack/Prefabs/Weapons/Weapon_3.prefab using Guid(9893defb7f7ee3b41aac3e5d93efb6c2) Importer(815301076,1909f56bfc062723c751e8b465ee728b) [PhysX] Initialized MultithreadedTaskDispatcher with 16 workers.
[PhysX] Initialized MultithreadedTaskDispatcher with 16 workers.
 -> (artifact id: '5577fa30c42b3caa822c2e1b6a72e4fb') in 0.010956 seconds
Number of updated asset objects reloaded before import = 0
Number of asset objects unloaded after import = 13
========================================================================
Received Import Request.
  Time since last request: 0.000014 seconds.
  path: Assets/imported/Stone Age Weapons Pack/Prefabs/Weapons/Weapon_8.prefab
  artifactKey: Guid(73d2e33f0838e7e4f9b82eac6c833232) Importer(815301076,1909f56bfc062723c751e8b465ee728b)
Start importing Assets/imported/Stone Age Weapons Pack/Prefabs/Weapons/Weapon_8.prefab using Guid(73d2e33f0838e7e4f9b82eac6c833232) Importer(815301076,1909f56bfc062723c751e8b465ee728b) [PhysX] Initialized MultithreadedTaskDispatcher with 16 workers.
[PhysX] Initialized MultithreadedTaskDispatcher with 16 workers.
 -> (artifact id: 'eb78d8f2490ddffe7c2af1bab781da24') in 0.010760 seconds
Number of updated asset objects reloaded before import = 0
Number of asset objects unloaded after import = 11
========================================================================
Received Import Request.
  Time since last request: 0.000016 seconds.
  path: Assets/imported/Stone Age Weapons Pack/Prefabs/Weapons/Weapon_17.prefab
  artifactKey: Guid(1f0470de84403a247a4416490388eb3e) Importer(815301076,1909f56bfc062723c751e8b465ee728b)
Start importing Assets/imported/Stone Age Weapons Pack/Prefabs/Weapons/Weapon_17.prefab using Guid(1f0470de84403a247a4416490388eb3e) Importer(815301076,1909f56bfc062723c751e8b465ee728b) [PhysX] Initialized MultithreadedTaskDispatcher with 16 workers.
[PhysX] Initialized MultithreadedTaskDispatcher with 16 workers.
 -> (artifact id: '6491b753c74e83abc9ecee0d980bb1eb') in 0.010993 seconds
Number of updated asset objects reloaded before import = 0
Number of asset objects unloaded after import = 11
========================================================================
Received Import Request.
  Time since last request: 0.000014 seconds.
  path: Assets/imported/Stone Age Weapons Pack/Prefabs/Weapons/Weapon_5.prefab
  artifactKey: Guid(4268239343086d64cbc5991732077295) Importer(815301076,1909f56bfc062723c751e8b465ee728b)
Start importing Assets/imported/Stone Age Weapons Pack/Prefabs/Weapons/Weapon_5.prefab using Guid(4268239343086d64cbc5991732077295) Importer(815301076,1909f56bfc062723c751e8b465ee728b) [PhysX] Initialized MultithreadedTaskDispatcher with 16 workers.
[PhysX] Initialized MultithreadedTaskDispatcher with 16 workers.
 -> (artifact id: 'b315dfa4e2f3df86831bce1c077ba7a3') in 0.010741 seconds
Number of updated asset objects reloaded before import = 0
Number of asset objects unloaded after import = 11
========================================================================
Received Import Request.
  Time since last request: 0.000024 seconds.
  path: Assets/imported/Stone Age Weapons Pack/Prefabs/Weapons/Weapon_30.prefab
  artifactKey: Guid(3cd467297d225d1429a1a9d8d64850ae) Importer(815301076,1909f56bfc062723c751e8b465ee728b)
Start importing Assets/imported/Stone Age Weapons Pack/Prefabs/Weapons/Weapon_30.prefab using Guid(3cd467297d225d1429a1a9d8d64850ae) Importer(815301076,1909f56bfc062723c751e8b465ee728b) [PhysX] Initialized MultithreadedTaskDispatcher with 16 workers.
[PhysX] Initialized MultithreadedTaskDispatcher with 16 workers.
 -> (artifact id: 'dc670490d8781ba5755ca19a020ce928') in 0.009944 seconds
Number of updated asset objects reloaded before import = 0
Number of asset objects unloaded after import = 11
Editor requested this worker to shutdown with reason: Scaling down because of idle timeout
TcpMessagingSession - receive error: operation aborted. errorcode: 995, details: The I/O operation has been aborted because of either a thread exit or an application request.
AssetImportWorker is now disconnected from the server
Process exiting
Exiting without the bug reporter. Application will terminate with return code 0