Using pre-set license
Built from '2022.3/staging' branch; Version is '2022.3.36f1 (95a4219250e5) revision 9806881'; Using compiler version '192829333'; Build Type 'Release'
OS: 'Windows 11  (10.0.22631) 64bit Professional' Language: 'en' Physical Memory: 31935 MB
BatchMode: 1, IsHumanControllingUs: 0, StartBugReporterOnCrash: 0, Is64bit: 1, IsPro: 1

COMMAND LINE ARGUMENTS:
C:\Program Files\Unity\Hub\Editor\2022.3.36f1\Editor\Unity.exe
-adb2
-batchMode
-noUpm
-name
AssetImportWorker6
-projectPath
C:/Unity solo/Adrenaline rush
-logFile
Logs/AssetImportWorker6.log
-srvPort
64909
Successfully changed project path to: C:/Unity solo/Adrenaline rush
C:/Unity solo/Adrenaline rush
[UnityMemory] Configuration Parameters - Can be set up in boot.config
    "memorysetup-bucket-allocator-granularity=16"
    "memorysetup-bucket-allocator-bucket-count=8"
    "memorysetup-bucket-allocator-block-size=33554432"
    "memorysetup-bucket-allocator-block-count=8"
    "memorysetup-main-allocator-block-size=16777216"
    "memorysetup-thread-allocator-block-size=16777216"
    "memorysetup-gfx-main-allocator-block-size=16777216"
    "memorysetup-gfx-thread-allocator-block-size=16777216"
    "memorysetup-cache-allocator-block-size=4194304"
    "memorysetup-typetree-allocator-block-size=2097152"
    "memorysetup-profiler-bucket-allocator-granularity=16"
    "memorysetup-profiler-bucket-allocator-bucket-count=8"
    "memorysetup-profiler-bucket-allocator-block-size=33554432"
    "memorysetup-profiler-bucket-allocator-block-count=8"
    "memorysetup-profiler-allocator-block-size=16777216"
    "memorysetup-profiler-editor-allocator-block-size=1048576"
    "memorysetup-temp-allocator-size-main=16777216"
    "memorysetup-job-temp-allocator-block-size=2097152"
    "memorysetup-job-temp-allocator-block-size-background=1048576"
    "memorysetup-job-temp-allocator-reduction-small-platforms=262144"
    "memorysetup-allocator-temp-initial-block-size-main=262144"
    "memorysetup-allocator-temp-initial-block-size-worker=262144"
    "memorysetup-temp-allocator-size-background-worker=32768"
    "memorysetup-temp-allocator-size-job-worker=262144"
    "memorysetup-temp-allocator-size-preload-manager=33554432"
    "memorysetup-temp-allocator-size-nav-mesh-worker=65536"
    "memorysetup-temp-allocator-size-audio-worker=65536"
    "memorysetup-temp-allocator-size-cloud-worker=32768"
    "memorysetup-temp-allocator-size-gi-baking-worker=262144"
    "memorysetup-temp-allocator-size-gfx=262144"
Player connection [198564] Host "[IP] 192.168.0.150 [Port] 0 [Flags] 2 [Guid] 3007157031 [EditorId] 3007157031 [Version] 1048832 [Id] WindowsEditor(7,momo) [Debug] 1 [PackageName] WindowsEditor [ProjectName] Editor" joined multi-casting on [225.0.0.222:54997]...

Player connection [198564] Host "[IP] 192.168.0.150 [Port] 0 [Flags] 2 [Guid] 3007157031 [EditorId] 3007157031 [Version] 1048832 [Id] WindowsEditor(7,momo) [Debug] 1 [PackageName] WindowsEditor [ProjectName] Editor" joined alternative multi-casting on [225.0.0.222:34997]...

[PhysX] Initialized MultithreadedTaskDispatcher with 16 workers.
Refreshing native plugins compatible for Editor in 37.24 ms, found 3 plugins.
Preloading 0 native plugins for Editor in 0.00 ms.
Initialize engine version: 2022.3.36f1 (95a4219250e5)
[Subsystems] Discovering subsystems at path C:/Program Files/Unity/Hub/Editor/2022.3.36f1/Editor/Data/Resources/UnitySubsystems
[Subsystems] Discovering subsystems at path C:/Unity solo/Adrenaline rush/Assets
GfxDevice: creating device client; threaded=0; jobified=0
Direct3D:
    Version:  Direct3D 11.0 [level 11.1]
    Renderer: NVIDIA GeForce GTX 1660 SUPER (ID=0x21c4)
    Vendor:   NVIDIA
    VRAM:     5966 MB
    Driver:   32.0.15.6094
Initialize mono
Mono path[0] = 'C:/Program Files/Unity/Hub/Editor/2022.3.36f1/Editor/Data/Managed'
Mono path[1] = 'C:/Program Files/Unity/Hub/Editor/2022.3.36f1/Editor/Data/MonoBleedingEdge/lib/mono/unityjit-win32'
Mono config path = 'C:/Program Files/Unity/Hub/Editor/2022.3.36f1/Editor/Data/MonoBleedingEdge/etc'
Using monoOptions --debugger-agent=transport=dt_socket,embedding=1,server=y,suspend=n,address=127.0.0.1:56556
Begin MonoManager ReloadAssembly
Registering precompiled unity dll's ...
Register platform support module: C:/Program Files/Unity/Hub/Editor/2022.3.36f1/Editor/Data/PlaybackEngines/WebGLSupport/UnityEditor.WebGL.Extensions.dll
Register platform support module: C:/Program Files/Unity/Hub/Editor/2022.3.36f1/Editor/Data/PlaybackEngines/AndroidPlayer/UnityEditor.Android.Extensions.dll
Register platform support module: C:/Program Files/Unity/Hub/Editor/2022.3.36f1/Editor/Data/PlaybackEngines/WindowsStandaloneSupport/UnityEditor.WindowsStandalone.Extensions.dll
Registered in 0.017279 seconds.
- Loaded All Assemblies, in  0.252 seconds
Native extension for WindowsStandalone target not found
Native extension for Android target not found
Android Extension - Scanning For ADB Devices 203 ms
Native extension for WebGL target not found
Mono: successfully reloaded assembly
- Finished resetting the current domain, in  0.396 seconds
Domain Reload Profiling: 645ms
	BeginReloadAssembly (78ms)
		ExecutionOrderSort (0ms)
		DisableScriptedObjects (0ms)
		BackupInstance (0ms)
		ReleaseScriptingObjects (0ms)
		CreateAndSetChildDomain (0ms)
	RebuildCommonClasses (18ms)
	RebuildNativeTypeToScriptingClass (6ms)
	initialDomainReloadingComplete (55ms)
	LoadAllAssembliesAndSetupDomain (93ms)
		LoadAssemblies (76ms)
		RebuildTransferFunctionScriptingTraits (0ms)
		AnalyzeDomain (90ms)
			TypeCache.Refresh (90ms)
				TypeCache.ScanAssembly (82ms)
			ScanForSourceGeneratedMonoScriptInfo (0ms)
			ResolveRequiredComponents (0ms)
	FinalizeReload (396ms)
		ReleaseScriptCaches (0ms)
		RebuildScriptCaches (0ms)
		SetupLoadedEditorAssemblies (366ms)
			LogAssemblyErrors (0ms)
			InitializePlatformSupportModulesInManaged (275ms)
			SetLoadedEditorAssemblies (2ms)
			RefreshPlugins (0ms)
			BeforeProcessingInitializeOnLoad (1ms)
			ProcessInitializeOnLoadAttributes (59ms)
			ProcessInitializeOnLoadMethodAttributes (28ms)
			AfterProcessingInitializeOnLoad (0ms)
			EditorAssembliesLoaded (0ms)
		ExecutionOrderSort2 (0ms)
		AwakeInstancesAfterBackupRestoration (0ms)
========================================================================
Worker process is ready to serve import requests
Begin MonoManager ReloadAssembly
- Loaded All Assemblies, in  0.671 seconds
Refreshing native plugins compatible for Editor in 6.02 ms, found 3 plugins.
Native extension for WindowsStandalone target not found
Native extension for Android target not found
Native extension for WebGL target not found
Package Manager log level set to [2]
[Package Manager] Server::EnsureServerProcessIsRunning -- launch failed, reason: Unity was launched with the -noUpm command-line argument
[Package Manager] UpmClient::Send -- Unable to send message (not connected to UPM process).
[Package Manager] Cannot connect to Unity Package Manager local server
Mono: successfully reloaded assembly
- Finished resetting the current domain, in  0.549 seconds
Domain Reload Profiling: 1214ms
	BeginReloadAssembly (105ms)
		ExecutionOrderSort (0ms)
		DisableScriptedObjects (4ms)
		BackupInstance (0ms)
		ReleaseScriptingObjects (0ms)
		CreateAndSetChildDomain (15ms)
	RebuildCommonClasses (18ms)
	RebuildNativeTypeToScriptingClass (6ms)
	initialDomainReloadingComplete (32ms)
	LoadAllAssembliesAndSetupDomain (503ms)
		LoadAssemblies (399ms)
		RebuildTransferFunctionScriptingTraits (0ms)
		AnalyzeDomain (168ms)
			TypeCache.Refresh (144ms)
				TypeCache.ScanAssembly (132ms)
			ScanForSourceGeneratedMonoScriptInfo (17ms)
			ResolveRequiredComponents (6ms)
	FinalizeReload (550ms)
		ReleaseScriptCaches (0ms)
		RebuildScriptCaches (0ms)
		SetupLoadedEditorAssemblies (441ms)
			LogAssemblyErrors (0ms)
			InitializePlatformSupportModulesInManaged (19ms)
			SetLoadedEditorAssemblies (3ms)
			RefreshPlugins (0ms)
			BeforeProcessingInitializeOnLoad (68ms)
			ProcessInitializeOnLoadAttributes (323ms)
			ProcessInitializeOnLoadMethodAttributes (18ms)
			AfterProcessingInitializeOnLoad (10ms)
			EditorAssembliesLoaded (0ms)
		ExecutionOrderSort2 (0ms)
		AwakeInstancesAfterBackupRestoration (3ms)
Launched and connected shader compiler UnityShaderCompiler.exe after 0.04 seconds
Refreshing native plugins compatible for Editor in 5.58 ms, found 3 plugins.
Preloading 0 native plugins for Editor in 0.00 ms.
Unloading 7028 Unused Serialized files (Serialized files now loaded: 0)
Unloading 223 unused Assets / (13.3 MB). Loaded Objects now: 7385.
Memory consumption went from 314.2 MB to 300.9 MB.
Total: 4.777700 ms (FindLiveObjects: 0.368000 ms CreateObjectMapping: 0.120500 ms MarkObjects: 2.340800 ms  DeleteObjects: 1.947900 ms)

AssetImportParameters requested are different than current active one (requested -> active):
  custom:container-demuxer-ogg: 62fdf1f143b41e24485cea50d1cbac27 -> 
  custom:framework-win-MediaFoundation: 216162199b28c13a410421893ffa2e32 -> 
  custom:container-muxer-webm: aa71ff27fc2769a1b78a27578f13a17b -> 
  custom:video-decoder-webm-vp8: 9c59270c3fd7afecdb556c50c9e8de78 -> 
  custom:SearchIndexIgnoredProperties: e643bd26f0fe6173181afceb89e7c659 -> 
  custom:AudioImporter_EditorPlatform: d09bf68614088b80899f8185d706f6e7 -> 
  custom:audio-decoder-ogg-vorbis: bf7c407c2cedff20999df2af8eb42d56 -> 
  custom:audio-encoder-webm-vorbis: bf7c407c2cedff20999df2af8eb42d56 -> 
  custom:video-codec-MediaFoundation-h265: 746d11721c4dcdbdad8f713fa42b33f4 -> 
  custom:video-decoder-ogg-theora: a1e56fd34408186e4bbccfd4996cb3dc -> 
  custom:CustomObjectIndexerAttribute: 72b91833f83ae208fae7752999fa3104 -> 
  custom:container-demuxer-webm: 4f35f7cbe854078d1ac9338744f61a02 -> 
  custom:video-encoder-webm-vp8: eb34c28f22e8b96e1ab97ce403110664 -> 
========================================================================
Received Import Request.
  Time since last request: 716382.105913 seconds.
  path: Assets/imported/ferro-entertainment/gold-mining-ui-2d/Source files/Sheet 2.psd
  artifactKey: Guid(704255f7caaa12d4cafb431d474d157e) Importer(815301076,1909f56bfc062723c751e8b465ee728b)
Start importing Assets/imported/ferro-entertainment/gold-mining-ui-2d/Source files/Sheet 2.psd using Guid(704255f7caaa12d4cafb431d474d157e) Importer(815301076,1909f56bfc062723c751e8b465ee728b) [PhysX] Initialized MultithreadedTaskDispatcher with 16 workers.
[PhysX] Initialized MultithreadedTaskDispatcher with 16 workers.
 -> (artifact id: 'c78998b551c6ce269b6f0fdba1649cb2') in 0.066635 seconds
Number of updated asset objects reloaded before import = 0
Number of asset objects unloaded after import = 3
========================================================================
Received Import Request.
  Time since last request: 5.294175 seconds.
  path: Assets/imported/ferro-entertainment/gold-mining-ui-2d/Sprite sheets/2 - Tnt and Safe.png
  artifactKey: Guid(22ca97bbe3f98bb468d520d14ec72fe6) Importer(815301076,1909f56bfc062723c751e8b465ee728b)
Start importing Assets/imported/ferro-entertainment/gold-mining-ui-2d/Sprite sheets/2 - Tnt and Safe.png using Guid(22ca97bbe3f98bb468d520d14ec72fe6) Importer(815301076,1909f56bfc062723c751e8b465ee728b) [PhysX] Initialized MultithreadedTaskDispatcher with 16 workers.
[PhysX] Initialized MultithreadedTaskDispatcher with 16 workers.
 -> (artifact id: '097816cabd1b8d0e84e307cc7f3d14a7') in 0.221383 seconds
Number of updated asset objects reloaded before import = 0
Number of asset objects unloaded after import = 10
========================================================================
Received Import Request.
  Time since last request: 0.000015 seconds.
  path: Assets/imported/ferro-entertainment/gold-mining-ui-2d/Sprite sheets/5 - Gold Trolley.png
  artifactKey: Guid(98470241e2e9cc345b367a676047310b) Importer(815301076,1909f56bfc062723c751e8b465ee728b)
Start importing Assets/imported/ferro-entertainment/gold-mining-ui-2d/Sprite sheets/5 - Gold Trolley.png using Guid(98470241e2e9cc345b367a676047310b) Importer(815301076,1909f56bfc062723c751e8b465ee728b) [PhysX] Initialized MultithreadedTaskDispatcher with 16 workers.
[PhysX] Initialized MultithreadedTaskDispatcher with 16 workers.
 -> (artifact id: 'e0924327701e526c6009a414ce76e9a0') in 0.019611 seconds
Number of updated asset objects reloaded before import = 0
Number of asset objects unloaded after import = 5
========================================================================
Received Import Request.
  Time since last request: 145.383305 seconds.
  path: Assets/Stone Age Weapons Pack
  artifactKey: Guid(82e9c1e20cdca45469608a4d7b1a5484) Importer(815301076,1909f56bfc062723c751e8b465ee728b)
Start importing Assets/Stone Age Weapons Pack using Guid(82e9c1e20cdca45469608a4d7b1a5484) Importer(815301076,1909f56bfc062723c751e8b465ee728b) [PhysX] Initialized MultithreadedTaskDispatcher with 16 workers.
 -> (artifact id: '506559aa0f03e2088be731a146a8b420') in 0.000459 seconds
Number of updated asset objects reloaded before import = 0
Number of asset objects unloaded after import = 0
========================================================================
Received Import Request.
  Time since last request: 4.649459 seconds.
  path: Assets/imported/Stone Age Weapons Pack/Prefabs
  artifactKey: Guid(ee5691403e438f245ae6d04a5180511e) Importer(815301076,1909f56bfc062723c751e8b465ee728b)
Start importing Assets/imported/Stone Age Weapons Pack/Prefabs using Guid(ee5691403e438f245ae6d04a5180511e) Importer(815301076,1909f56bfc062723c751e8b465ee728b) [PhysX] Initialized MultithreadedTaskDispatcher with 16 workers.
 -> (artifact id: 'c3b0d38f32f912b6b53c37ca1e5fca40') in 0.000429 seconds
Number of updated asset objects reloaded before import = 0
Number of asset objects unloaded after import = 0
========================================================================
Received Import Request.
  Time since last request: 0.943914 seconds.
  path: Assets/imported/Stone Age Weapons Pack/Prefabs/Weapons
  artifactKey: Guid(ba225ed447211b449920c59e2d493892) Importer(815301076,1909f56bfc062723c751e8b465ee728b)
Start importing Assets/imported/Stone Age Weapons Pack/Prefabs/Weapons using Guid(ba225ed447211b449920c59e2d493892) Importer(815301076,1909f56bfc062723c751e8b465ee728b) [PhysX] Initialized MultithreadedTaskDispatcher with 16 workers.
 -> (artifact id: '67aac90fec1bfb967c5c0b06a4603512') in 0.000484 seconds
Number of updated asset objects reloaded before import = 0
Number of asset objects unloaded after import = 0
========================================================================
Received Import Request.
  Time since last request: 0.067045 seconds.
  path: Assets/imported/Stone Age Weapons Pack/Prefabs/Weapons/Weapon_1.prefab
  artifactKey: Guid(e734b821fea095240b69459a7126b160) Importer(815301076,1909f56bfc062723c751e8b465ee728b)
Start importing Assets/imported/Stone Age Weapons Pack/Prefabs/Weapons/Weapon_1.prefab using Guid(e734b821fea095240b69459a7126b160) Importer(815301076,1909f56bfc062723c751e8b465ee728b) [PhysX] Initialized MultithreadedTaskDispatcher with 16 workers.
[PhysX] Initialized MultithreadedTaskDispatcher with 16 workers.
 -> (artifact id: '1ff370e8bd847eac5eacd2f2ee2d5a66') in 0.066434 seconds
Number of updated asset objects reloaded before import = 0
Number of asset objects unloaded after import = 9
========================================================================
Received Import Request.
  Time since last request: 0.000017 seconds.
  path: Assets/imported/Stone Age Weapons Pack/Prefabs/Weapons/Weapon_29.prefab
  artifactKey: Guid(8ebc244afcc8de7439e286c61be05c93) Importer(815301076,1909f56bfc062723c751e8b465ee728b)
Start importing Assets/imported/Stone Age Weapons Pack/Prefabs/Weapons/Weapon_29.prefab using Guid(8ebc244afcc8de7439e286c61be05c93) Importer(815301076,1909f56bfc062723c751e8b465ee728b) [PhysX] Initialized MultithreadedTaskDispatcher with 16 workers.
[PhysX] Initialized MultithreadedTaskDispatcher with 16 workers.
 -> (artifact id: '6ec391b7992380599b2fd0c044ed595e') in 0.010845 seconds
Number of updated asset objects reloaded before import = 0
Number of asset objects unloaded after import = 11
========================================================================
Received Import Request.
  Time since last request: 0.000011 seconds.
  path: Assets/imported/Stone Age Weapons Pack/Prefabs/Weapons/Weapon_28.prefab
  artifactKey: Guid(229827de38085be4b8c69e0e6ed52028) Importer(815301076,1909f56bfc062723c751e8b465ee728b)
Start importing Assets/imported/Stone Age Weapons Pack/Prefabs/Weapons/Weapon_28.prefab using Guid(229827de38085be4b8c69e0e6ed52028) Importer(815301076,1909f56bfc062723c751e8b465ee728b) [PhysX] Initialized MultithreadedTaskDispatcher with 16 workers.
[PhysX] Initialized MultithreadedTaskDispatcher with 16 workers.
 -> (artifact id: 'd62d891e87e3c4b262751923e5152a5c') in 0.011244 seconds
Number of updated asset objects reloaded before import = 0
Number of asset objects unloaded after import = 11
========================================================================
Received Import Request.
  Time since last request: 0.000016 seconds.
  path: Assets/imported/Stone Age Weapons Pack/Prefabs/Weapons/Weapon_24.prefab
  artifactKey: Guid(bf1e094e080b15446ab309421b61f3d5) Importer(815301076,1909f56bfc062723c751e8b465ee728b)
Start importing Assets/imported/Stone Age Weapons Pack/Prefabs/Weapons/Weapon_24.prefab using Guid(bf1e094e080b15446ab309421b61f3d5) Importer(815301076,1909f56bfc062723c751e8b465ee728b) [PhysX] Initialized MultithreadedTaskDispatcher with 16 workers.
[PhysX] Initialized MultithreadedTaskDispatcher with 16 workers.
 -> (artifact id: '0be336be1919fb7b336b42136111d4e7') in 0.010770 seconds
Number of updated asset objects reloaded before import = 0
Number of asset objects unloaded after import = 11
========================================================================
Received Import Request.
  Time since last request: 0.000020 seconds.
  path: Assets/imported/Stone Age Weapons Pack/Prefabs/Weapons/Weapon_6.prefab
  artifactKey: Guid(44810a0e03c84d0499e0c8ff5a2bf5a1) Importer(815301076,1909f56bfc062723c751e8b465ee728b)
Start importing Assets/imported/Stone Age Weapons Pack/Prefabs/Weapons/Weapon_6.prefab using Guid(44810a0e03c84d0499e0c8ff5a2bf5a1) Importer(815301076,1909f56bfc062723c751e8b465ee728b) [PhysX] Initialized MultithreadedTaskDispatcher with 16 workers.
[PhysX] Initialized MultithreadedTaskDispatcher with 16 workers.
 -> (artifact id: 'cd9ce20d744cbac89515e78544dc2fe0') in 0.011752 seconds
Number of updated asset objects reloaded before import = 0
Number of asset objects unloaded after import = 13
========================================================================
Received Import Request.
  Time since last request: 0.000016 seconds.
  path: Assets/imported/Stone Age Weapons Pack/Prefabs/Weapons/Weapon_18.prefab
  artifactKey: Guid(83ebeda0112259a4690667e651cdb9b3) Importer(815301076,1909f56bfc062723c751e8b465ee728b)
Start importing Assets/imported/Stone Age Weapons Pack/Prefabs/Weapons/Weapon_18.prefab using Guid(83ebeda0112259a4690667e651cdb9b3) Importer(815301076,1909f56bfc062723c751e8b465ee728b) [PhysX] Initialized MultithreadedTaskDispatcher with 16 workers.
[PhysX] Initialized MultithreadedTaskDispatcher with 16 workers.
 -> (artifact id: 'cd6f45eade9ee4d4a0947a8a571494e4') in 0.010234 seconds
Number of updated asset objects reloaded before import = 0
Number of asset objects unloaded after import = 11
========================================================================
Received Import Request.
  Time since last request: 0.000019 seconds.
  path: Assets/imported/Stone Age Weapons Pack/Prefabs/Weapons/Weapon_9.prefab
  artifactKey: Guid(8cd6b775f9d1a2c40aa9b980edbf8f4a) Importer(815301076,1909f56bfc062723c751e8b465ee728b)
Start importing Assets/imported/Stone Age Weapons Pack/Prefabs/Weapons/Weapon_9.prefab using Guid(8cd6b775f9d1a2c40aa9b980edbf8f4a) Importer(815301076,1909f56bfc062723c751e8b465ee728b) [PhysX] Initialized MultithreadedTaskDispatcher with 16 workers.
[PhysX] Initialized MultithreadedTaskDispatcher with 16 workers.
 -> (artifact id: 'f134a8f442961bf991c048f0d45e45eb') in 0.013276 seconds
Number of updated asset objects reloaded before import = 0
Number of asset objects unloaded after import = 13
========================================================================
Received Import Request.
  Time since last request: 0.000012 seconds.
  path: Assets/imported/Stone Age Weapons Pack/Prefabs/Weapons/Weapon_10.prefab
  artifactKey: Guid(38105c352d3ce7b498fcb42e7dd666f4) Importer(815301076,1909f56bfc062723c751e8b465ee728b)
Start importing Assets/imported/Stone Age Weapons Pack/Prefabs/Weapons/Weapon_10.prefab using Guid(38105c352d3ce7b498fcb42e7dd666f4) Importer(815301076,1909f56bfc062723c751e8b465ee728b) [PhysX] Initialized MultithreadedTaskDispatcher with 16 workers.
[PhysX] Initialized MultithreadedTaskDispatcher with 16 workers.
 -> (artifact id: '22e8ed7bce5d991cc54d591c4937bca5') in 0.012231 seconds
Number of updated asset objects reloaded before import = 0
Number of asset objects unloaded after import = 11
========================================================================
Received Import Request.
  Time since last request: 0.000012 seconds.
  path: Assets/imported/Stone Age Weapons Pack/Prefabs/Weapons/Weapon_4.prefab
  artifactKey: Guid(a4b2ba08836e8804ab424fc2f3fc16b9) Importer(815301076,1909f56bfc062723c751e8b465ee728b)
Start importing Assets/imported/Stone Age Weapons Pack/Prefabs/Weapons/Weapon_4.prefab using Guid(a4b2ba08836e8804ab424fc2f3fc16b9) Importer(815301076,1909f56bfc062723c751e8b465ee728b) [PhysX] Initialized MultithreadedTaskDispatcher with 16 workers.
[PhysX] Initialized MultithreadedTaskDispatcher with 16 workers.
 -> (artifact id: 'd561e52883a048a85db5ef51bfe6fcef') in 0.011342 seconds
Number of updated asset objects reloaded before import = 0
Number of asset objects unloaded after import = 11
========================================================================
Received Import Request.
  Time since last request: 0.000012 seconds.
  path: Assets/imported/Stone Age Weapons Pack/Prefabs/Weapons/Weapon_13.prefab
  artifactKey: Guid(7f4c5e53f8c4ba041aad7fdb885e716f) Importer(815301076,1909f56bfc062723c751e8b465ee728b)
Start importing Assets/imported/Stone Age Weapons Pack/Prefabs/Weapons/Weapon_13.prefab using Guid(7f4c5e53f8c4ba041aad7fdb885e716f) Importer(815301076,1909f56bfc062723c751e8b465ee728b) [PhysX] Initialized MultithreadedTaskDispatcher with 16 workers.
[PhysX] Initialized MultithreadedTaskDispatcher with 16 workers.
 -> (artifact id: '975a554ca79a2f487d2db28bab3eaf3a') in 0.009926 seconds
Number of updated asset objects reloaded before import = 0
Number of asset objects unloaded after import = 11
========================================================================
Received Import Request.
  Time since last request: 0.000021 seconds.
  path: Assets/imported/Stone Age Weapons Pack/Prefabs/Weapons/Weapon_27.prefab
  artifactKey: Guid(b3a51230d4e9a7f4294356d1dcee09fc) Importer(815301076,1909f56bfc062723c751e8b465ee728b)
Start importing Assets/imported/Stone Age Weapons Pack/Prefabs/Weapons/Weapon_27.prefab using Guid(b3a51230d4e9a7f4294356d1dcee09fc) Importer(815301076,1909f56bfc062723c751e8b465ee728b) [PhysX] Initialized MultithreadedTaskDispatcher with 16 workers.
[PhysX] Initialized MultithreadedTaskDispatcher with 16 workers.
 -> (artifact id: 'f2bb8d275bca07f5298c01284fc82418') in 0.010960 seconds
Number of updated asset objects reloaded before import = 0
Number of asset objects unloaded after import = 11
========================================================================
Received Import Request.
  Time since last request: 0.000017 seconds.
  path: Assets/imported/Stone Age Weapons Pack/Prefabs/Weapons/Weapon_7.prefab
  artifactKey: Guid(97604c022914efc44b5cb10f1e32fbf9) Importer(815301076,1909f56bfc062723c751e8b465ee728b)
Start importing Assets/imported/Stone Age Weapons Pack/Prefabs/Weapons/Weapon_7.prefab using Guid(97604c022914efc44b5cb10f1e32fbf9) Importer(815301076,1909f56bfc062723c751e8b465ee728b) [PhysX] Initialized MultithreadedTaskDispatcher with 16 workers.
[PhysX] Initialized MultithreadedTaskDispatcher with 16 workers.
 -> (artifact id: 'db6811697b18952a963d976087c07919') in 0.010523 seconds
Number of updated asset objects reloaded before import = 0
Number of asset objects unloaded after import = 13
========================================================================
Received Import Request.
  Time since last request: 0.000012 seconds.
  path: Assets/imported/Stone Age Weapons Pack/Prefabs/Weapons/Weapon_22.prefab
  artifactKey: Guid(3d49b779aa72d0c46be99fbf677314d4) Importer(815301076,1909f56bfc062723c751e8b465ee728b)
Start importing Assets/imported/Stone Age Weapons Pack/Prefabs/Weapons/Weapon_22.prefab using Guid(3d49b779aa72d0c46be99fbf677314d4) Importer(815301076,1909f56bfc062723c751e8b465ee728b) [PhysX] Initialized MultithreadedTaskDispatcher with 16 workers.
[PhysX] Initialized MultithreadedTaskDispatcher with 16 workers.
 -> (artifact id: '98aa768874e8c8c40d34ac9e6bc916f5') in 0.009737 seconds
Number of updated asset objects reloaded before import = 0
Number of asset objects unloaded after import = 11
========================================================================
Received Import Request.
  Time since last request: 0.000014 seconds.
  path: Assets/imported/Stone Age Weapons Pack/Prefabs/Weapons/Weapon_25.prefab
  artifactKey: Guid(2d4b8064c43c3de49a1c6a597e30b93d) Importer(815301076,1909f56bfc062723c751e8b465ee728b)
Start importing Assets/imported/Stone Age Weapons Pack/Prefabs/Weapons/Weapon_25.prefab using Guid(2d4b8064c43c3de49a1c6a597e30b93d) Importer(815301076,1909f56bfc062723c751e8b465ee728b) [PhysX] Initialized MultithreadedTaskDispatcher with 16 workers.
[PhysX] Initialized MultithreadedTaskDispatcher with 16 workers.
 -> (artifact id: 'baec5a855235b3cc4d704234eb8a0a04') in 0.010796 seconds
Number of updated asset objects reloaded before import = 0
Number of asset objects unloaded after import = 11
========================================================================
Received Import Request.
  Time since last request: 0.000023 seconds.
  path: Assets/imported/Stone Age Weapons Pack/Prefabs/Weapons/Weapon_20.prefab
  artifactKey: Guid(9e126dec05cf7a34a8c09c8f542f9536) Importer(815301076,1909f56bfc062723c751e8b465ee728b)
Start importing Assets/imported/Stone Age Weapons Pack/Prefabs/Weapons/Weapon_20.prefab using Guid(9e126dec05cf7a34a8c09c8f542f9536) Importer(815301076,1909f56bfc062723c751e8b465ee728b) [PhysX] Initialized MultithreadedTaskDispatcher with 16 workers.
[PhysX] Initialized MultithreadedTaskDispatcher with 16 workers.
 -> (artifact id: 'ea1b14ff5f33a2860b3813ec271efdfa') in 0.010326 seconds
Number of updated asset objects reloaded before import = 0
Number of asset objects unloaded after import = 9
Editor requested this worker to shutdown with reason: Scaling down because of idle timeout
TcpMessagingSession - receive error: operation aborted. errorcode: 995, details: The I/O operation has been aborted because of either a thread exit or an application request.
AssetImportWorker is now disconnected from the server
Process exiting
Exiting without the bug reporter. Application will terminate with return code 0